2018-12-12T15:11:08: CallbackStatus updated to Checking
2018-12-12T15:11:08: 
2018-12-12T15:11:08: Beginning update thread
2018-12-12T15:11:08: Stream: Stable40
2018-12-12T15:11:08: 
2018-12-12T15:11:08: Running cleanup..
2018-12-12T15:11:08: Cleanup successful!
2018-12-12T15:11:08: Requesting update information...
2018-12-12T15:11:09: osu!.exe: CHANGED (cached)
2018-12-12T15:11:09: osu!seasonal.dll: CHANGED (cached)
2018-12-12T15:11:09: Creating staging folder
2018-12-12T15:11:09: CallbackStatus updated to Updating
2018-12-12T15:11:09: Processing osu!.exe...
2018-12-12T15:11:09: Exists locally; checking for patchability...
2018-12-12T15:11:10: Server returned 2 patch files
2018-12-12T15:11:10: Applying patch 3038 (to 2df46f22517b11314df1b592ea799be8)...
2018-12-12T15:11:10: Reached end of patch chain (3045 / 222d6cbb747814ec23205abbdcad4790), checking file checksum...
2018-12-12T15:11:10: Patching success!
2018-12-12T15:11:10: Processing osu!seasonal.dll...
2018-12-12T15:11:10: Exists locally; checking for patchability...
2018-12-12T15:11:11: Server returned 2 patch files
2018-12-12T15:11:11: Applying patch 2981 (to 98b4486852d18517e32a9126116862e5)...
2018-12-12T15:11:18: Reached end of patch chain (3042 / bd12579112f0e44a3c4bc6a2b4aee1c7), checking file checksum...
2018-12-12T15:11:18: Patching success!
2018-12-12T15:11:18: Attempting to MoveInPlace
2018-12-12T15:11:19: _pending\osu!.exe => osu!.exe: FAIL
2018-12-12T15:11:19: _pending\osu!seasonal.dll => osu!seasonal.dll: FAIL
2018-12-12T15:11:19: Saving out global config
2018-12-12T15:11:19: 
2018-12-12T15:11:19: Ending update thread with result: NeedsRestart
2018-12-12T15:11:19: 
2018-12-12T15:11:19: CallbackStatus updated to NeedsRestart
2018-12-13T07:17:58: CallbackStatus updated to Checking
2018-12-13T07:17:58: 
2018-12-13T07:17:58: Beginning update thread
2018-12-13T07:17:58: Stream: Stable40
2018-12-13T07:17:58: 
2018-12-13T07:17:58: Running cleanup..
2018-12-13T07:17:58: Cleanup successful!
2018-12-13T07:17:58: Requesting update information...
2018-12-13T07:17:58: A pending update is already waiting. Checking what we're working with...
2018-12-13T07:17:58: avcodec-51.dll: LATEST
2018-12-13T07:17:58: A pending update is already waiting. Checking what we're working with...
2018-12-13T07:17:58: avformat-52.dll: LATEST
2018-12-13T07:17:58: A pending update is already waiting. Checking what we're working with...
2018-12-13T07:17:58: avutil-49.dll: LATEST
2018-12-13T07:17:58: A pending update is already waiting. Checking what we're working with...
2018-12-13T07:17:58: bass.dll: LATEST
2018-12-13T07:17:58: A pending update is already waiting. Checking what we're working with...
2018-12-13T07:17:58: bass_fx.dll: LATEST
2018-12-13T07:17:58: A pending update is already waiting. Checking what we're working with...
2018-12-13T07:17:58: Microsoft.Ink.dll: LATEST
2018-12-13T07:17:58: A pending update is already waiting. Checking what we're working with...
2018-12-13T07:17:58: osu!.exe: PENDING
2018-12-13T07:17:58: A pending update is already waiting. Checking what we're working with...
2018-12-13T07:17:58: osu!ui.dll: LATEST
2018-12-13T07:17:58: A pending update is already waiting. Checking what we're working with...
2018-12-13T07:17:58: pthreadGC2.dll: LATEST
2018-12-13T07:17:58: A pending update is already waiting. Checking what we're working with...
2018-12-13T07:17:58: osu!gameplay.dll: LATEST
2018-12-13T07:17:58: A pending update is already waiting. Checking what we're working with...
2018-12-13T07:17:58: OpenTK.dll: LATEST
2018-12-13T07:17:58: A pending update is already waiting. Checking what we're working with...
2018-12-13T07:17:58: d3dcompiler_47.dll: LATEST
2018-12-13T07:17:58: A pending update is already waiting. Checking what we're working with...
2018-12-13T07:17:58: libEGL.dll: LATEST
2018-12-13T07:17:58: A pending update is already waiting. Checking what we're working with...
2018-12-13T07:17:58: libGLESv2.dll: LATEST
2018-12-13T07:17:58: A pending update is already waiting. Checking what we're working with...
2018-12-13T07:17:58: osu!spooky.dll: LATEST
2018-12-13T07:17:58: A pending update is already waiting. Checking what we're working with...
2018-12-13T07:17:58: osu!seasonal.dll: PENDING
2018-12-13T07:17:59: A pending update is already waiting. Checking what we're working with...
2018-12-13T07:17:59: discord-rpc.dll: LATEST
2018-12-13T07:17:59: Pending updating is waiting and requires no further changes.
2018-12-13T07:17:59: Attempting to MoveInPlace
2018-12-13T07:17:59: _pending\osu!.exe => osu!.exe: FAIL
2018-12-13T07:17:59: _pending\osu!seasonal.dll => osu!seasonal.dll: OK
2018-12-13T07:17:59: Saving out global config
2018-12-13T07:17:59: 
2018-12-13T07:17:59: Ending update thread with result: NeedsRestart
2018-12-13T07:17:59: 
2018-12-13T07:17:59: CallbackStatus updated to NeedsRestart
2018-12-13T07:18:11: osu! just started and will continuing an update (pending folder exists)
2018-12-13T07:18:11: Command Line: "C:\Users\patri\AppData\Local\osu!\osu!.exe"
2018-12-13T07:18:11: Attempting to MoveInPlace
2018-12-13T07:18:11: _pending\osu!.exe => osu!.exe: OK
2018-12-13T07:18:11: Running cleanup..
2018-12-13T07:18:11: Cleanup successful!
2018-12-13T07:18:11: MoveInPlace successful!
2018-12-13T07:18:11: Re-running osu! with -go
2018-12-13T07:18:11: CallbackStatus updated to Checking
2018-12-13T07:18:11: 
2018-12-13T07:18:11: Beginning update thread
2018-12-13T07:18:11: Stream: Stable40
2018-12-13T07:18:11: 
2018-12-13T07:18:11: Running cleanup..
2018-12-13T07:18:11: Cleanup successful!
2018-12-13T07:18:11: Requesting update information...
2018-12-13T07:18:12: osu!seasonal.dll: CHANGED (cached)
2018-12-13T07:18:12: Creating staging folder
2018-12-13T07:18:12: CallbackStatus updated to Updating
2018-12-13T07:18:12: Processing osu!seasonal.dll...
2018-12-13T07:18:12: Exists locally; checking for patchability...
2018-12-13T07:18:13: No patches available; falling back to full download
2018-12-13T07:18:13: Beginning download of osu!seasonal.dll (http://m1.ppy.sh/r/osu!seasonal.dll/f_bd12579112f0e44a3c4bc6a2b4aee1c7)...
2018-12-13T07:18:15: Completed download of osu!seasonal.dll (0 files remain)!
2018-12-13T07:18:15: Attempting to MoveInPlace
2018-12-13T07:18:15: _pending\osu!seasonal.dll => osu!seasonal.dll: FAIL
2018-12-13T07:18:15: Saving out global config
2018-12-13T07:18:15: 
2018-12-13T07:18:15: Ending update thread with result: NeedsRestart
2018-12-13T07:18:15: 
2018-12-13T07:18:15: CallbackStatus updated to NeedsRestart
2018-12-13T07:18:42: osu! just started and will continuing an update (pending folder exists)
2018-12-13T07:18:42: Command Line: "C:\Users\patri\AppData\Local\osu!\osu!.exe"
2018-12-13T07:18:42: Attempting to MoveInPlace
2018-12-13T07:18:42: _pending\osu!seasonal.dll => osu!seasonal.dll: OK
2018-12-13T07:18:42: Running cleanup..
2018-12-13T07:18:42: Cleanup successful!
2018-12-13T07:18:42: MoveInPlace successful!
2018-12-13T07:18:42: Re-running osu! with -go
2018-12-13T07:18:43: CallbackStatus updated to Checking
2018-12-13T07:18:43: 
2018-12-13T07:18:43: Beginning update thread
2018-12-13T07:18:43: Stream: Stable40
2018-12-13T07:18:43: 
2018-12-13T07:18:43: Running cleanup..
2018-12-13T07:18:43: Cleanup successful!
2018-12-13T07:18:43: Requesting update information...
2018-12-13T07:18:44: No changes to apply!
2018-12-13T07:18:44: Saving out global config
2018-12-13T07:18:44: 
2018-12-13T07:18:44: Ending update thread with result: NoUpdate
2018-12-13T07:18:44: 
2018-12-13T07:18:44: CallbackStatus updated to NoUpdate
