2018-12-12T15:11:08: CallbackStatus updated to Checking
2018-12-12T15:11:08: 
2018-12-12T15:11:08: Beginning update thread
2018-12-12T15:11:08: Stream: Stable40
2018-12-12T15:11:08: 
2018-12-12T15:11:08: Running cleanup..
2018-12-12T15:11:08: Cleanup successful!
2018-12-12T15:11:08: Requesting update information...
2018-12-12T15:11:09: osu!.exe: CHANGED (cached)
2018-12-12T15:11:09: osu!seasonal.dll: CHANGED (cached)
2018-12-12T15:11:09: Creating staging folder
2018-12-12T15:11:09: CallbackStatus updated to Updating
2018-12-12T15:11:09: Processing osu!.exe...
2018-12-12T15:11:09: Exists locally; checking for patchability...
2018-12-12T15:11:10: Server returned 2 patch files
2018-12-12T15:11:10: Applying patch 3038 (to 2df46f22517b11314df1b592ea799be8)...
2018-12-12T15:11:10: Reached end of patch chain (3045 / 222d6cbb747814ec23205abbdcad4790), checking file checksum...
2018-12-12T15:11:10: Patching success!
2018-12-12T15:11:10: Processing osu!seasonal.dll...
2018-12-12T15:11:10: Exists locally; checking for patchability...
2018-12-12T15:11:11: Server returned 2 patch files
2018-12-12T15:11:11: Applying patch 2981 (to 98b4486852d18517e32a9126116862e5)...
2018-12-12T15:11:18: Reached end of patch chain (3042 / bd12579112f0e44a3c4bc6a2b4aee1c7), checking file checksum...
2018-12-12T15:11:18: Patching success!
2018-12-12T15:11:18: Attempting to MoveInPlace
2018-12-12T15:11:19: _pending\osu!.exe => osu!.exe: FAIL
2018-12-12T15:11:19: _pending\osu!seasonal.dll => osu!seasonal.dll: FAIL
2018-12-12T15:11:19: Saving out global config
2018-12-12T15:11:19: 
2018-12-12T15:11:19: Ending update thread with result: NeedsRestart
2018-12-12T15:11:19: 
2018-12-12T15:11:19: CallbackStatus updated to NeedsRestart
